<?xml version="1.0" encoding="UTF-8"?>
<!-- Generated by org.testng.reporters.JUnitReportReporter -->
<testsuite skipped="0" hostname="DESKTOP-954JE1L" name="class1_Intro_and_TestNG_Annotations.TestLogoAndLoginValidation" tests="3" failures="0" timestamp="2020-05-21T22:35:10 CDT" time="32.183" errors="0">
  <testcase name="validLogin" time="13.190" classname="class1_Intro_and_TestNG_Annotations.TestLogoAndLoginValidation"/>
  <system-out/>
  <testcase name="logoValidation" time="9.516" classname="class1_Intro_and_TestNG_Annotations.TestLogoAndLoginValidation"/>
  <system-out/>
  <testcase name="titleValidation" time="9.477" classname="class1_Intro_and_TestNG_Annotations.TestLogoAndLoginValidation"/>
  <system-out/>
</testsuite> <!-- class1_Intro_and_TestNG_Annotations.TestLogoAndLoginValidation -->
