<?xml version="1.0" encoding="UTF-8"?>
<!-- Generated by org.testng.reporters.JUnitReportReporter -->
<testsuite skipped="0" hostname="DESKTOP-954JE1L" name="class1_Intro_and_TestNG_Annotations.Task2" tests="3" failures="0" timestamp="2020-05-21T10:16:23 CDT" time="0.009" errors="0">
  <testcase name="test1" time="0.007" classname="class1_Intro_and_TestNG_Annotations.Task2"/>
  <system-out/>
  <testcase name="test3" time="0.000" classname="class1_Intro_and_TestNG_Annotations.Task2"/>
  <system-out/>
  <testcase name="test2" time="0.002" classname="class1_Intro_and_TestNG_Annotations.Task2"/>
  <system-out/>
</testsuite> <!-- class1_Intro_and_TestNG_Annotations.Task2 -->
