<?xml version="1.0" encoding="UTF-8"?>
<!-- Generated by org.testng.reporters.JUnitReportReporter -->
<testsuite skipped="0" hostname="DESKTOP-954JE1L" name="class1_Intro_and_TestNG_Annotations.TestNGDemo" tests="3" failures="0" timestamp="2020-05-20T22:39:13 CDT" time="0.014" errors="0">
  <testcase name="TestThree" time="0.002" classname="class1_Intro_and_TestNG_Annotations.TestNGDemo"/>
  <system-out/>
  <testcase name="TestOne" time="0.011" classname="class1_Intro_and_TestNG_Annotations.TestNGDemo"/>
  <system-out/>
  <testcase name="TestTwo" time="0.001" classname="class1_Intro_and_TestNG_Annotations.TestNGDemo"/>
  <system-out/>
</testsuite> <!-- class1_Intro_and_TestNG_Annotations.TestNGDemo -->
