<?xml version="1.0" encoding="UTF-8"?>
<!-- Generated by org.testng.reporters.JUnitReportReporter -->
<testsuite skipped="0" hostname="DESKTOP-954JE1L" name="class1_Intro_and_TestNG_Annotations.DifferentAnnotation" tests="1" failures="0" timestamp="2020-05-21T10:14:39 CDT" time="0.009" errors="0">
  <testcase name="test" time="0.009" classname="class1_Intro_and_TestNG_Annotations.DifferentAnnotation"/>
  <system-out/>
</testsuite> <!-- class1_Intro_and_TestNG_Annotations.DifferentAnnotation -->
